<?xml version="1.0" encoding="UTF-8"?>
<!-- Generated by org.testng.reporters.JUnitReportReporter -->
<testsuite hostname="TYSS-Manuja-Lamani" failures="0" tests="1" name="interviewPrograms.StringLogic" time="0.008" errors="0" timestamp="2024-10-01T22:33:28 IST" skipped="0">
  <testcase classname="interviewPrograms.StringLogic" name="string" time="0.008"/>
  <system-out/>
</testsuite> <!-- interviewPrograms.StringLogic -->
