<?xml version="1.0" encoding="UTF-8"?>
<!-- Generated by org.testng.reporters.JUnitReportReporter -->
<testsuite hostname="TYSS-Manuja-Lamani" failures="0" tests="1" name="testscripts.FetchDataFromExcel" time="0.478" errors="0" timestamp="2024-09-29T16:26:23 IST" skipped="0">
  <testcase classname="testscripts.FetchDataFromExcel" name="fetcgDtat" time="0.478"/>
  <system-out/>
</testsuite> <!-- testscripts.FetchDataFromExcel -->
