<?xml version="1.0" encoding="UTF-8"?>
<!-- Generated by org.testng.reporters.JUnitReportReporter -->
<testsuite hostname="TYSS-Manuja-Lamani" failures="0" tests="1" name="practiceProgramDeepu.Stringrecursion" time="0.007" errors="0" timestamp="2024-10-05T23:34:39 IST" skipped="0">
  <testcase classname="practiceProgramDeepu.Stringrecursion" name="demo" time="0.007"/>
  <system-out/>
</testsuite> <!-- practiceProgramDeepu.Stringrecursion -->
