<?xml version="1.0" encoding="UTF-8"?>
<!-- Generated by org.testng.reporters.JUnitReportReporter -->
<testsuite hostname="TYSS-Manuja-Lamani" failures="0" tests="1" name="testscripts.ActionClassMethods" time="7.288" errors="0" timestamp="2024-09-29T10:07:32 IST" skipped="0">
  <testcase classname="testscripts.ActionClassMethods" name="title" time="7.288"/>
  <system-out/>
</testsuite> <!-- testscripts.ActionClassMethods -->
