<?xml version="1.0" encoding="UTF-8"?>
<!-- Generated by org.testng.reporters.JUnitReportReporter -->
<testsuite hostname="TYSS-Manuja-Lamani" failures="0" tests="1" name="interviewPrograms.Testvgrant" time="0.006" errors="0" timestamp="2024-10-01T11:18:50 IST" skipped="0">
  <testcase classname="interviewPrograms.Testvgrant" name="reverseString" time="0.006"/>
  <system-out/>
</testsuite> <!-- interviewPrograms.Testvgrant -->
