<?xml version="1.0" encoding="UTF-8"?>
<!-- Generated by org.testng.reporters.JUnitReportReporter -->
<testsuite hostname="TYSS-Manuja-Lamani" failures="0" tests="1" name="testscripts.MaximizeBrowser" time="7.232" errors="0" timestamp="2024-09-29T12:32:50 IST" skipped="0">
  <testcase classname="testscripts.MaximizeBrowser" name="title" time="7.232"/>
  <system-out/>
</testsuite> <!-- testscripts.MaximizeBrowser -->
