<?xml version="1.0" encoding="UTF-8"?>
<!-- Generated by org.testng.reporters.JUnitReportReporter -->
<testsuite hostname="TYSS-Manuja-Lamani" failures="0" tests="1" name="practiceProgramDeepu.Logic5" time="0.008" errors="0" timestamp="2024-10-05T01:15:10 IST" skipped="0">
  <testcase classname="practiceProgramDeepu.Logic5" name="tesr" time="0.008"/>
  <system-out/>
</testsuite> <!-- practiceProgramDeepu.Logic5 -->
