<?xml version="1.0" encoding="UTF-8"?>
<!-- Generated by org.testng.reporters.JUnitReportReporter -->
<testsuite hostname="TYSS-Manuja-Lamani" failures="0" tests="1" name="testscripts.TakesScreenShot" time="6.174" errors="0" timestamp="2024-09-29T21:10:45 IST" skipped="0">
  <testcase classname="testscripts.TakesScreenShot" name="shot" time="6.174"/>
  <system-out/>
</testsuite> <!-- testscripts.TakesScreenShot -->
