<?xml version="1.0" encoding="UTF-8"?>
<!-- Generated by org.testng.reporters.JUnitReportReporter -->
<testsuite hostname="TYSS-Manuja-Lamani" failures="0" tests="1" name="testscripts.SortAndPrintInReverseOrder" time="0.009" errors="0" timestamp="2024-09-29T09:31:55 IST" skipped="0">
  <testcase classname="testscripts.SortAndPrintInReverseOrder" name="browse" time="0.009"/>
  <system-out/>
</testsuite> <!-- testscripts.SortAndPrintInReverseOrder -->
