<?xml version="1.0" encoding="UTF-8"?>
<!-- Generated by org.testng.reporters.JUnitReportReporter -->
<testsuite hostname="TYSS-Manuja-Lamani" failures="0" tests="1" name="testscripts.PopUps" time="6.002" errors="0" timestamp="2024-09-29T11:13:43 IST" skipped="0">
  <testcase classname="testscripts.PopUps" name="childBrowserPopup" time="6.002"/>
  <system-out/>
</testsuite> <!-- testscripts.PopUps -->
