<?xml version="1.0" encoding="UTF-8"?>
<!-- Generated by org.testng.reporters.JUnitReportReporter -->
<testsuite hostname="TYSS-Manuja-Lamani" failures="0" tests="1" name="patternPrograms.Pattern1" time="0.008" errors="0" timestamp="2024-10-06T18:04:34 IST" skipped="0">
  <testcase classname="patternPrograms.Pattern1" name="pattren" time="0.008"/>
  <system-out/>
</testsuite> <!-- patternPrograms.Pattern1 -->
