<?xml version="1.0" encoding="UTF-8"?>
<!-- Generated by org.testng.reporters.JUnitReportReporter -->
<testsuite hostname="TYSS-Manuja-Lamani" failures="0" tests="1" name="mapsPrograms.OccuranceOfCharacter" time="0.008" errors="0" timestamp="2024-10-13T15:26:38 IST" skipped="0">
  <testcase classname="mapsPrograms.OccuranceOfCharacter" name="firstApproach" time="0.008"/>
  <system-out/>
</testsuite> <!-- mapsPrograms.OccuranceOfCharacter -->
