<?xml version="1.0" encoding="UTF-8"?>
<!-- Generated by org.testng.reporters.JUnitReportReporter -->
<testsuite hostname="TYSS-Manuja-Lamani" failures="0" tests="1" name="testscripts.FetchDataFromProperties" time="0.012" errors="0" timestamp="2024-09-29T17:48:48 IST" skipped="0">
  <testcase classname="testscripts.FetchDataFromProperties" name="prop" time="0.012"/>
  <system-out/>
</testsuite> <!-- testscripts.FetchDataFromProperties -->
