<?xml version="1.0" encoding="UTF-8"?>
<!-- Generated by org.testng.reporters.JUnitReportReporter -->
<testsuite hostname="TYSS-Manuja-Lamani" failures="0" tests="1" name="testscripts.JavaPrograms" time="0.009" errors="0" timestamp="2024-09-30T15:19:11 IST" skipped="0">
  <testcase classname="testscripts.JavaPrograms" name="triangle" time="0.009"/>
  <system-out/>
</testsuite> <!-- testscripts.JavaPrograms -->
