<?xml version="1.0" encoding="UTF-8"?>
<!-- Generated by org.testng.reporters.JUnitReportReporter -->
<testsuite hostname="TYSS-Manuja-Lamani" failures="0" tests="1" name="testscripts.CloseOnlyParentBrowser" time="10.712" errors="0" timestamp="2024-09-29T12:02:24 IST" skipped="0">
  <testcase classname="testscripts.CloseOnlyParentBrowser" name="countOfAllBrowser" time="10.712"/>
  <system-out/>
</testsuite> <!-- testscripts.CloseOnlyParentBrowser -->
