<?xml version="1.0" encoding="UTF-8"?>
<!-- Generated by org.testng.reporters.JUnitReportReporter -->
<testsuite hostname="TYSS-Manuja-Lamani" failures="0" tests="3" name="testscripts.DataProviderClass" time="0.010" errors="0" timestamp="2024-10-04T18:21:18 IST" skipped="0">
  <testcase classname="testscripts.DataProviderClass" name="testData" time="0.008"/>
  <system-out/>
  <testcase classname="testscripts.DataProviderClass" name="testData" time="0.001"/>
  <system-out/>
  <testcase classname="testscripts.DataProviderClass" name="testData" time="0.001"/>
  <system-out/>
</testsuite> <!-- testscripts.DataProviderClass -->
