<?xml version="1.0" encoding="UTF-8"?>
<!-- Generated by org.testng.reporters.JUnitReportReporter -->
<testsuite hostname="TYSS-Manuja-Lamani" failures="0" tests="1" name="testscripts.AddArrayToList" time="0.007" errors="0" timestamp="2024-10-09T12:55:53 IST" skipped="0">
  <testcase classname="testscripts.AddArrayToList" name="browse" time="0.007"/>
  <system-out/>
</testsuite> <!-- testscripts.AddArrayToList -->
