<?xml version="1.0" encoding="UTF-8"?>
<!-- Generated by org.testng.reporters.JUnitReportReporter -->
<testsuite hostname="TYSS-Manuja-Lamani" failures="0" tests="1" name="practiceProgramDeepu.SumOfIntInString" time="0.009" errors="0" timestamp="2024-10-12T23:30:36 IST" skipped="0">
  <testcase classname="practiceProgramDeepu.SumOfIntInString" name="twoDigitSum" time="0.009"/>
  <system-out/>
</testsuite> <!-- practiceProgramDeepu.SumOfIntInString -->
