<?xml version="1.0" encoding="UTF-8"?>
<!-- Generated by org.testng.reporters.JUnitReportReporter -->
<testsuite hostname="TYSS-Manuja-Lamani" failures="0" tests="1" name="testscripts.CloseAndQuiteWithoutMethods" time="8.030" errors="0" timestamp="2024-09-29T12:44:35 IST" skipped="0">
  <testcase classname="testscripts.CloseAndQuiteWithoutMethods" name="browser" time="8.030"/>
  <system-out/>
</testsuite> <!-- testscripts.CloseAndQuiteWithoutMethods -->
