<?xml version="1.0" encoding="UTF-8"?>
<!-- Generated by org.testng.reporters.JUnitReportReporter -->
<testsuite hostname="TYSS-Manuja-Lamani" failures="0" tests="1" name="testscripts.PrintLinksInReversOrder" time="10.124" errors="0" timestamp="2024-09-28T21:53:48 IST" skipped="0">
  <testcase classname="testscripts.PrintLinksInReversOrder" name="browse" time="10.124"/>
  <system-out/>
</testsuite> <!-- testscripts.PrintLinksInReversOrder -->
