<?xml version="1.0" encoding="UTF-8"?>
<!-- Generated by org.testng.reporters.JUnitReportReporter -->
<testsuite hostname="TYSS-Manuja-Lamani" failures="0" tests="1" name="practiceProgramDeepu.Logic8" time="0.007" errors="0" timestamp="2024-10-05T01:53:28 IST" skipped="0">
  <testcase classname="practiceProgramDeepu.Logic8" name="test" time="0.007"/>
  <system-out/>
</testsuite> <!-- practiceProgramDeepu.Logic8 -->
