<?xml version="1.0" encoding="UTF-8"?>
<!-- Generated by org.testng.reporters.JUnitReportReporter -->
<testsuite hostname="TYSS-Manuja-Lamani" failures="0" tests="1" name="testscripts.WriteDataInExcel" time="14.967" errors="0" timestamp="2024-09-29T16:51:24 IST" skipped="0">
  <testcase classname="testscripts.WriteDataInExcel" name="fetcgDtat" time="14.967"/>
  <system-out/>
</testsuite> <!-- testscripts.WriteDataInExcel -->
