<?xml version="1.0" encoding="UTF-8"?>
<!-- Generated by org.testng.reporters.JUnitReportReporter -->
<testsuite hostname="TYSS-Manuja-Lamani" failures="0" tests="1" name="testscripts.CountBrowserTabsAndIdOfAllBrowser" time="5.743" errors="0" timestamp="2024-09-29T11:42:38 IST" skipped="0">
  <testcase classname="testscripts.CountBrowserTabsAndIdOfAllBrowser" name="countOfAllBrowser" time="5.743"/>
  <system-out/>
</testsuite> <!-- testscripts.CountBrowserTabsAndIdOfAllBrowser -->
