<?xml version="1.0" encoding="UTF-8"?>
<!-- Generated by org.testng.reporters.JUnitReportReporter -->
<testsuite hostname="TYSS-Manuja-Lamani" failures="0" tests="1" name="practiceProgramDeepu.MinLengthInStringArray" time="0.006" errors="0" timestamp="2024-10-12T23:34:34 IST" skipped="0">
  <testcase classname="practiceProgramDeepu.MinLengthInStringArray" name="length" time="0.006"/>
  <system-out/>
</testsuite> <!-- practiceProgramDeepu.MinLengthInStringArray -->
