<?xml version="1.0" encoding="UTF-8"?>
<!-- Generated by org.testng.reporters.JUnitReportReporter -->
<testsuite hostname="TYSS-Manuja-Lamani" failures="0" tests="1" name="testscripts.DragAndDropBrowser" time="11.841" errors="0" timestamp="2024-09-28T21:44:37 IST" skipped="0">
  <testcase classname="testscripts.DragAndDropBrowser" name="browser" time="11.841"/>
  <system-out/>
</testsuite> <!-- testscripts.DragAndDropBrowser -->
