<?xml version="1.0" encoding="UTF-8"?>
<!-- Generated by org.testng.reporters.JUnitReportReporter -->
<testsuite hostname="TYSS-Manuja-Lamani" failures="0" tests="2" name="testscripts.ThreadCounts" time="0.011" errors="0" timestamp="2024-09-29T19:03:25 IST" skipped="0">
  <testcase classname="testscripts.ThreadCounts" name="test2" time="0.001"/>
  <system-out/>
  <testcase classname="testscripts.ThreadCounts" name="test1" time="0.010"/>
  <system-out/>
</testsuite> <!-- testscripts.ThreadCounts -->
