<?xml version="1.0" encoding="UTF-8"?>
<!-- Generated by org.testng.reporters.JUnitReportReporter -->
<testsuite hostname="TYSS-Manuja-Lamani" failures="0" tests="1" name="testscripts.DuplicateOptionsInDropDown" time="5.676" errors="0" timestamp="2024-10-04T14:54:11 IST" skipped="0">
  <testcase classname="testscripts.DuplicateOptionsInDropDown" name="duplicateOptionsInDropDownWithCollections" time="5.676"/>
  <system-out/>
</testsuite> <!-- testscripts.DuplicateOptionsInDropDown -->
