<?xml version="1.0" encoding="UTF-8"?>
<!-- Generated by org.testng.reporters.JUnitReportReporter -->
<testsuite hostname="TYSS-Manuja-Lamani" failures="0" tests="1" name="testscripts.PrintDropDownOptionsInReverseOrder" time="0.007" errors="0" timestamp="2024-09-29T09:21:54 IST" skipped="0">
  <testcase classname="testscripts.PrintDropDownOptionsInReverseOrder" name="browse" time="0.007"/>
  <system-out/>
</testsuite> <!-- testscripts.PrintDropDownOptionsInReverseOrder -->
