<?xml version="1.0" encoding="UTF-8"?>
<!-- Generated by org.testng.reporters.JUnitReportReporter -->
<testsuite hostname="TYSS-Manuja-Lamani" failures="0" tests="1" name="testscripts.LocationOfElement" time="7.058" errors="0" timestamp="2024-09-29T21:28:04 IST" skipped="0">
  <testcase classname="testscripts.LocationOfElement" name="title" time="7.058"/>
  <system-out/>
</testsuite> <!-- testscripts.LocationOfElement -->
