<?xml version="1.0" encoding="UTF-8"?>
<!-- Generated by org.testng.reporters.JUnitReportReporter -->
<testsuite hostname="TYSS-Manuja-Lamani" failures="0" tests="1" name="interviewPrograms.TestvgrantLogic_3" time="4.171" errors="0" timestamp="2024-10-05T00:38:12 IST" skipped="0">
  <testcase classname="interviewPrograms.TestvgrantLogic_3" name="main" time="4.171"/>
  <system-out/>
</testsuite> <!-- interviewPrograms.TestvgrantLogic_3 -->
