<?xml version="1.0" encoding="UTF-8"?>
<!-- Generated by org.testng.reporters.JUnitReportReporter -->
<testsuite hostname="TYSS-Manuja-Lamani" failures="0" tests="2" name="interviewPrograms.FlukeMgn" time="69.586" errors="0" timestamp="2024-10-09T22:41:18 IST" skipped="0">
  <testcase classname="interviewPrograms.FlukeMgn" name="duplicate" time="69.570"/>
  <system-out/>
  <testcase classname="interviewPrograms.FlukeMgn" name="duplicates" time="0.016"/>
  <system-out/>
</testsuite> <!-- interviewPrograms.FlukeMgn -->
