<?xml version="1.0" encoding="UTF-8"?>
<!-- Generated by org.testng.reporters.JUnitReportReporter -->
<testsuite hostname="TYSS-Manuja-Lamani" failures="0" tests="1" name="testscripts.CloaseOnlyChildBrowser" time="20.144" errors="0" timestamp="2024-09-29T12:08:36 IST" skipped="0">
  <testcase classname="testscripts.CloaseOnlyChildBrowser" name="CloaseOnlyChildBrowser" time="20.144"/>
  <system-out/>
</testsuite> <!-- testscripts.CloaseOnlyChildBrowser -->
