<?xml version="1.0" encoding="UTF-8"?>
<!-- Generated by org.testng.reporters.JUnitReportReporter -->
<testsuite hostname="TYSS-Manuja-Lamani" failures="0" tests="1" name="testscripts.VerifyTitleIsDisplayed" time="8.084" errors="0" timestamp="2024-09-28T20:52:49 IST" skipped="0">
  <testcase classname="testscripts.VerifyTitleIsDisplayed" name="title" time="8.084"/>
  <system-out/>
</testsuite> <!-- testscripts.VerifyTitleIsDisplayed -->
