<?xml version="1.0" encoding="UTF-8"?>
<!-- Generated by org.testng.reporters.JUnitReportReporter -->
<testsuite hostname="TYSS-Manuja-Lamani" failures="0" tests="2" name="testscripts.ParallelExecution" time="15.513" errors="0" timestamp="2024-09-29T18:17:46 IST" skipped="0">
  <testcase classname="testscripts.ParallelExecution" name="edgeBrowser" time="7.014"/>
  <system-out/>
  <testcase classname="testscripts.ParallelExecution" name="fireFoxBrowser" time="8.499"/>
  <system-out/>
</testsuite> <!-- testscripts.ParallelExecution -->
