<?xml version="1.0" encoding="UTF-8"?>
<!-- Generated by org.testng.reporters.JUnitReportReporter -->
<testsuite hostname="TYSS-Manuja-Lamani" failures="0" tests="1" name="practiceProgramDeepu.MaxnLengthInStringArray" time="0.007" errors="0" timestamp="2024-10-12T23:45:35 IST" skipped="0">
  <testcase classname="practiceProgramDeepu.MaxnLengthInStringArray" name="lengthMin" time="0.007"/>
  <system-out/>
</testsuite> <!-- practiceProgramDeepu.MaxnLengthInStringArray -->
