<?xml version="1.0" encoding="UTF-8"?>
<!-- Generated by org.testng.reporters.JUnitReportReporter -->
<testsuite hostname="TYSS-Manuja-Lamani" failures="0" tests="1" name="testscripts.SwitchFromOneFrameToOtherFrame" time="9.536" errors="0" timestamp="2024-09-29T13:18:01 IST" skipped="0">
  <testcase classname="testscripts.SwitchFromOneFrameToOtherFrame" name="frames" time="9.536"/>
  <system-out/>
</testsuite> <!-- testscripts.SwitchFromOneFrameToOtherFrame -->
