<?xml version="1.0" encoding="UTF-8"?>
<!-- Generated by org.testng.reporters.JUnitReportReporter -->
<testsuite hostname="TYSS-Manuja-Lamani" failures="0" tests="1" name="testscripts.FontSizeOfElement" time="10.563" errors="0" timestamp="2024-09-28T21:31:20 IST" skipped="0">
  <testcase classname="testscripts.FontSizeOfElement" name="title" time="10.563"/>
  <system-out/>
</testsuite> <!-- testscripts.FontSizeOfElement -->
