<?xml version="1.0" encoding="UTF-8"?>
<!-- Generated by org.testng.reporters.JUnitReportReporter -->
<testsuite hostname="TYSS-Manuja-Lamani" failures="0" tests="1" name="interviewPrograms.TestvgrantLogic_1" time="0.007" errors="0" timestamp="2024-10-10T12:41:26 IST" skipped="0">
  <testcase classname="interviewPrograms.TestvgrantLogic_1" name="reverseString" time="0.007"/>
  <system-out/>
</testsuite> <!-- interviewPrograms.TestvgrantLogic_1 -->
