<?xml version="1.0" encoding="UTF-8"?>
<!-- Generated by org.testng.reporters.JUnitReportReporter -->
<testsuite hostname="TYSS-Manuja-Lamani" failures="0" tests="1" name="practiceProgramDeepu.WhileLoopPrgrm" time="0.007" errors="0" timestamp="2024-10-06T00:28:40 IST" skipped="0">
  <testcase classname="practiceProgramDeepu.WhileLoopPrgrm" name="reverseNum" time="0.007"/>
  <system-out/>
</testsuite> <!-- practiceProgramDeepu.WhileLoopPrgrm -->
