<?xml version="1.0" encoding="UTF-8"?>
<!-- Generated by org.testng.reporters.JUnitReportReporter -->
<testsuite hostname="TYSS-Manuja-Lamani" failures="0" tests="1" name="testscripts.UsingCollectionCloseChildBrowser" time="9.536" errors="0" timestamp="2024-09-29T12:12:03 IST" skipped="0">
  <testcase classname="testscripts.UsingCollectionCloseChildBrowser" name="CloaseOnlyChildBrowser" time="9.536"/>
  <system-out/>
</testsuite> <!-- testscripts.UsingCollectionCloseChildBrowser -->
