<?xml version="1.0" encoding="UTF-8"?>
<!-- Generated by org.testng.reporters.JUnitReportReporter -->
<testsuite hostname="TYSS-Manuja-Lamani" failures="0" tests="3" name="testscripts.JavasriptExecutor" time="28.123" errors="0" timestamp="2024-09-29T15:39:10 IST" skipped="0">
  <testcase classname="testscripts.JavasriptExecutor" name="java" time="8.887"/>
  <system-out/>
  <testcase classname="testscripts.JavasriptExecutor" name="java" time="8.900"/>
  <system-out/>
  <testcase classname="testscripts.JavasriptExecutor" name="java" time="10.336"/>
  <system-out/>
</testsuite> <!-- testscripts.JavasriptExecutor -->
